Arguments: 
  /usr/local/bin/node /usr/local/bin/yarn run encore dev

PATH: 
  /usr/local/sbin:/usr/local/bin:/usr/sbin:/usr/bin:/sbin:/bin

Yarn version: 
  1.5.1

Node version: 
  6.9.5

Platform: 
  linux x64

npm manifest: 
  {
    "name": "src",
    "version": "1.0.0",
    "description": "Test app for frontend dev.",
    "main": "index.js",
    "directories": {
      "test": "tests"
    },
    "scripts": {
      "test": "echo \"Error: no test specified\" && exit 1"
    },
    "author": "Nelson Moller",
    "license": "WTFPL",
    "devDependencies": {
      "@symfony/webpack-encore": "^0.19.0",
      "node-sass": "^4.8.3",
      "sass-loader": "^6.0.7",
      "webpack-cli": "^2.0.13",
      "webpack-notifier": "^1.6.0"
    }
  }

yarn manifest: 
  No manifest

Lockfile: 
  No lockfile

Trace: 
  Error: Command failed.
  Exit code: 1
  Command: sh
  Arguments: -c /src/node_modules/.bin/encore dev
  Directory: /src
  Output:
  
      at ProcessTermError.Error (native)
      at ProcessTermError.MessageError (/usr/local/lib/node_modules/yarn/lib/cli.js:186:110)
      at new ProcessTermError (/usr/local/lib/node_modules/yarn/lib/cli.js:226:113)
      at ChildProcess.<anonymous> (/usr/local/lib/node_modules/yarn/lib/cli.js:30281:17)
      at emitTwo (events.js:106:13)
      at ChildProcess.emit (events.js:191:7)
      at maybeClose (internal/child_process.js:877:16)
      at Process.ChildProcess._handle.onexit (internal/child_process.js:226:5)
